<?xml version="1.0" encoding="UTF-8"?>
<!-- Generated by org.testng.reporters.JUnitReportReporter -->
<testsuite hostname="Khushboo" failures="0" tests="2" name="Tests.Logintest" time="0.016" errors="1" timestamp="2026-03-09T14:32:18 IST" skipped="1">
  <testcase classname="Tests.Logintest" name="clickonclose" time="0.000">
    <skipped/>
  </testcase> <!-- clickonclose -->
  <testcase classname="Tests.Logintest" name="launchUSrl" time="0.016">
    <error type="java.lang.StackOverflowError">
      <![CDATA[java.lang.StackOverflowError
at Tests.Logintest.launchUSrl(Logintest.java:13)
at Tests.Logintest.launchUSrl(Logintest.java:13)
at Tests.Logintest.launchUSrl(Logintest.java:13)
at Tests.Logintest.launchUSrl(Logintest.java:13)
at Tests.Logintest.launchUSrl(Logintest.java:13)
at Tests.Logintest.launchUSrl(Logintest.java:13)
at Tests.Logintest.launchUSrl(Logintest.java:13)
at Tests.Logintest.launchUSrl(Logintest.java:13)
at Tests.Logintest.launchUSrl(Logintest.java:13)
at Tests.Logintest.launchUSrl(Logintest.java:13)
at Tests.Logintest.launchUSrl(Logintest.java:13)
at Tests.Logintest.launchUSrl(Logintest.java:13)
at Tests.Logintest.launchUSrl(Logintest.java:13)
at Tests.Logintest.launchUSrl(Logintest.java:13)
at Tests.Logintest.launchUSrl(Logintest.java:13)
at Tests.Logintest.launchUSrl(Logintest.java:13)
at Tests.Logintest.launchUSrl(Logintest.java:13)
at Tests.Logintest.launchUSrl(Logintest.java:13)
at Tests.Logintest.launchUSrl(Logintest.java:13)
at Tests.Logintest.launchUSrl(Logintest.java:13)
at Tests.Logintest.launchUSrl(Logintest.java:13)
at Tests.Logintest.launchUSrl(Logintest.java:13)
at Tests.Logintest.launchUSrl(Logintest.java:13)
at Tests.Logintest.launchUSrl(Logintest.java:13)
at Tests.Logintest.launchUSrl(Logintest.java:13)
at Tests.Logintest.launchUSrl(Logintest.java:13)
at Tests.Logintest.launchUSrl(Logintest.java:13)
at Tests.Logintest.launchUSrl(Logintest.java:13)
at Tests.Logintest.launchUSrl(Logintest.java:13)
at Tests.Logintest.launchUSrl(Logintest.java:13)
at Tests.Logintest.launchUSrl(Logintest.java:13)
at Tests.Logintest.launchUSrl(Logintest.java:13)
at Tests.Logintest.launchUSrl(Logintest.java:13)
at Tests.Logintest.launchUSrl(Logintest.java:13)
at Tests.Logintest.launchUSrl(Logintest.java:13)
at Tests.Logintest.launchUSrl(Logintest.java:13)
at Tests.Logintest.launchUSrl(Logintest.java:13)
at Tests.Logintest.launchUSrl(Logintest.java:13)
at Tests.Logintest.launchUSrl(Logintest.java:13)
at Tests.Logintest.launchUSrl(Logintest.java:13)
at Tests.Logintest.launchUSrl(Logintest.java:13)
at Tests.Logintest.launchUSrl(Logintest.java:13)
at Tests.Logintest.launchUSrl(Logintest.java:13)
at Tests.Logintest.launchUSrl(Logintest.java:13)
at Tests.Logintest.launchUSrl(Logintest.java:13)
at Tests.Logintest.launchUSrl(Logintest.java:13)
at Tests.Logintest.launchUSrl(Logintest.java:13)
at Tests.Logintest.launchUSrl(Logintest.java:13)
at Tests.Logintest.launchUSrl(Logintest.java:13)
at Tests.Logintest.launchUSrl(Logintest.java:13)
at Tests.Logintest.launchUSrl(Logintest.java:13)
at Tests.Logintest.launchUSrl(Logintest.java:13)
at Tests.Logintest.launchUSrl(Logintest.java:13)
at Tests.Logintest.launchUSrl(Logintest.java:13)
at Tests.Logintest.launchUSrl(Logintest.java:13)
at Tests.Logintest.launchUSrl(Logintest.java:13)
at Tests.Logintest.launchUSrl(Logintest.java:13)
at Tests.Logintest.launchUSrl(Logintest.java:13)
at Tests.Logintest.launchUSrl(Logintest.java:13)
at Tests.Logintest.launchUSrl(Logintest.java:13)
at Tests.Logintest.launchUSrl(Logintest.java:13)
at Tests.Logintest.launchUSrl(Logintest.java:13)
at Tests.Logintest.launchUSrl(Logintest.java:13)
at Tests.Logintest.launchUSrl(Logintest.java:13)
at Tests.Logintest.launchUSrl(Logintest.java:13)
at Tests.Logintest.launchUSrl(Logintest.java:13)
at Tests.Logintest.launchUSrl(Logintest.java:13)
at Tests.Logintest.launchUSrl(Logintest.java:13)
at Tests.Logintest.launchUSrl(Logintest.java:13)
at Tests.Logintest.launchUSrl(Logintest.java:13)
at Tests.Logintest.launchUSrl(Logintest.java:13)
at Tests.Logintest.launchUSrl(Logintest.java:13)
at Tests.Logintest.launchUSrl(Logintest.java:13)
at Tests.Logintest.launchUSrl(Logintest.java:13)
at Tests.Logintest.launchUSrl(Logintest.java:13)
at Tests.Logintest.launchUSrl(Logintest.java:13)
at Tests.Logintest.launchUSrl(Logintest.java:13)
at Tests.Logintest.launchUSrl(Logintest.java:13)
at Tests.Logintest.launchUSrl(Logintest.java:13)
at Tests.Logintest.launchUSrl(Logintest.java:13)
at Tests.Logintest.launchUSrl(Logintest.java:13)
at Tests.Logintest.launchUSrl(Logintest.java:13)
at Tests.Logintest.launchUSrl(Logintest.java:13)
at Tests.Logintest.launchUSrl(Logintest.java:13)
at Tests.Logintest.launchUSrl(Logintest.java:13)
at Tests.Logintest.launchUSrl(Logintest.java:13)
at Tests.Logintest.launchUSrl(Logintest.java:13)
at Tests.Logintest.launchUSrl(Logintest.java:13)
at Tests.Logintest.launchUSrl(Logintest.java:13)
at Tests.Logintest.launchUSrl(Logintest.java:13)
at Tests.Logintest.launchUSrl(Logintest.java:13)
at Tests.Logintest.launchUSrl(Logintest.java:13)
at Tests.Logintest.launchUSrl(Logintest.java:13)
at Tests.Logintest.launchUSrl(Logintest.java:13)
at Tests.Logintest.launchUSrl(Logintest.java:13)
at Tests.Logintest.launchUSrl(Logintest.java:13)
at Tests.Logintest.launchUSrl(Logintest.java:13)
at Tests.Logintest.launchUSrl(Logintest.java:13)
at Tests.Logintest.launchUSrl(Logintest.java:13)
at Tests.Logintest.launchUSrl(Logintest.java:13)
at Tests.Logintest.launchUSrl(Logintest.java:13)
at Tests.Logintest.launchUSrl(Logintest.java:13)
at Tests.Logintest.launchUSrl(Logintest.java:13)
at Tests.Logintest.launchUSrl(Logintest.java:13)
at Tests.Logintest.launchUSrl(Logintest.java:13)
at Tests.Logintest.launchUSrl(Logintest.java:13)
at Tests.Logintest.launchUSrl(Logintest.java:13)
at Tests.Logintest.launchUSrl(Logintest.java:13)
at Tests.Logintest.launchUSrl(Logintest.java:13)
at Tests.Logintest.launchUSrl(Logintest.java:13)
at Tests.Logintest.launchUSrl(Logintest.java:13)
at Tests.Logintest.launchUSrl(Logintest.java:13)
at Tests.Logintest.launchUSrl(Logintest.java:13)
at Tests.Logintest.launchUSrl(Logintest.java:13)
at Tests.Logintest.launchUSrl(Logintest.java:13)
at Tests.Logintest.launchUSrl(Logintest.java:13)
at Tests.Logintest.launchUSrl(Logintest.java:13)
at Tests.Logintest.launchUSrl(Logintest.java:13)
at Tests.Logintest.launchUSrl(Logintest.java:13)
at Tests.Logintest.launchUSrl(Logintest.java:13)
at Tests.Logintest.launchUSrl(Logintest.java:13)
at Tests.Logintest.launchUSrl(Logintest.java:13)
at Tests.Logintest.launchUSrl(Logintest.java:13)
at Tests.Logintest.launchUSrl(Logintest.java:13)
at Tests.Logintest.launchUSrl(Logintest.java:13)
at Tests.Logintest.launchUSrl(Logintest.java:13)
at Tests.Logintest.launchUSrl(Logintest.java:13)
at Tests.Logintest.launchUSrl(Logintest.java:13)
at Tests.Logintest.launchUSrl(Logintest.java:13)
at Tests.Logintest.launchUSrl(Logintest.java:13)
at Tests.Logintest.launchUSrl(Logintest.java:13)
at Tests.Logintest.launchUSrl(Logintest.java:13)
at Tests.Logintest.launchUSrl(Logintest.java:13)
at Tests.Logintest.launchUSrl(Logintest.java:13)
at Tests.Logintest.launchUSrl(Logintest.java:13)
at Tests.Logintest.launchUSrl(Logintest.java:13)
at Tests.Logintest.launchUSrl(Logintest.java:13)
at Tests.Logintest.launchUSrl(Logintest.java:13)
at Tests.Logintest.launchUSrl(Logintest.java:13)
at Tests.Logintest.launchUSrl(Logintest.java:13)
at Tests.Logintest.launchUSrl(Logintest.java:13)
at Tests.Logintest.launchUSrl(Logintest.java:13)
at Tests.Logintest.launchUSrl(Logintest.java:13)
at Tests.Logintest.launchUSrl(Logintest.java:13)
at Tests.Logintest.launchUSrl(Logintest.java:13)
at Tests.Logintest.launchUSrl(Logintest.java:13)
at Tests.Logintest.launchUSrl(Logintest.java:13)
at Tests.Logintest.launchUSrl(Logintest.java:13)
at Tests.Logintest.launchUSrl(Logintest.java:13)
at Tests.Logintest.launchUSrl(Logintest.java:13)
at Tests.Logintest.launchUSrl(Logintest.java:13)
at Tests.Logintest.launchUSrl(Logintest.java:13)
at Tests.Logintest.launchUSrl(Logintest.java:13)
at Tests.Logintest.launchUSrl(Logintest.java:13)
at Tests.Logintest.launchUSrl(Logintest.java:13)
at Tests.Logintest.launchUSrl(Logintest.java:13)
at Tests.Logintest.launchUSrl(Logintest.java:13)
at Tests.Logintest.launchUSrl(Logintest.java:13)
at Tests.Logintest.launchUSrl(Logintest.java:13)
at Tests.Logintest.launchUSrl(Logintest.java:13)
at Tests.Logintest.launchUSrl(Logintest.java:13)
at Tests.Logintest.launchUSrl(Logintest.java:13)
at Tests.Logintest.launchUSrl(Logintest.java:13)
at Tests.Logintest.launchUSrl(Logintest.java:13)
at Tests.Logintest.launchUSrl(Logintest.java:13)
at Tests.Logintest.launchUSrl(Logintest.java:13)
at Tests.Logintest.launchUSrl(Logintest.java:13)
at Tests.Logintest.launchUSrl(Logintest.java:13)
at Tests.Logintest.launchUSrl(Logintest.java:13)
at Tests.Logintest.launchUSrl(Logintest.java:13)
at Tests.Logintest.launchUSrl(Logintest.java:13)
at Tests.Logintest.launchUSrl(Logintest.java:13)
at Tests.Logintest.launchUSrl(Logintest.java:13)
at Tests.Logintest.launchUSrl(Logintest.java:13)
at Tests.Logintest.launchUSrl(Logintest.java:13)
at Tests.Logintest.launchUSrl(Logintest.java:13)
at Tests.Logintest.launchUSrl(Logintest.java:13)
at Tests.Logintest.launchUSrl(Logintest.java:13)
at Tests.Logintest.launchUSrl(Logintest.java:13)
at Tests.Logintest.launchUSrl(Logintest.java:13)
at Tests.Logintest.launchUSrl(Logintest.java:13)
at Tests.Logintest.launchUSrl(Logintest.java:13)
at Tests.Logintest.launchUSrl(Logintest.java:13)
at Tests.Logintest.launchUSrl(Logintest.java:13)
at Tests.Logintest.launchUSrl(Logintest.java:13)
at Tests.Logintest.launchUSrl(Logintest.java:13)
at Tests.Logintest.launchUSrl(Logintest.java:13)
at Tests.Logintest.launchUSrl(Logintest.java:13)
at Tests.Logintest.launchUSrl(Logintest.java:13)
at Tests.Logintest.launchUSrl(Logintest.java:13)
at Tests.Logintest.launchUSrl(Logintest.java:13)
at Tests.Logintest.launchUSrl(Logintest.java:13)
at Tests.Logintest.launchUSrl(Logintest.java:13)
at Tests.Logintest.launchUSrl(Logintest.java:13)
at Tests.Logintest.launchUSrl(Logintest.java:13)
at Tests.Logintest.launchUSrl(Logintest.java:13)
at Tests.Logintest.launchUSrl(Logintest.java:13)
at Tests.Logintest.launchUSrl(Logintest.java:13)
at Tests.Logintest.launchUSrl(Logintest.java:13)
at Tests.Logintest.launchUSrl(Logintest.java:13)
at Tests.Logintest.launchUSrl(Logintest.java:13)
at Tests.Logintest.launchUSrl(Logintest.java:13)
at Tests.Logintest.launchUSrl(Logintest.java:13)
at Tests.Logintest.launchUSrl(Logintest.java:13)
at Tests.Logintest.launchUSrl(Logintest.java:13)
at Tests.Logintest.launchUSrl(Logintest.java:13)
at Tests.Logintest.launchUSrl(Logintest.java:13)
at Tests.Logintest.launchUSrl(Logintest.java:13)
at Tests.Logintest.launchUSrl(Logintest.java:13)
at Tests.Logintest.launchUSrl(Logintest.java:13)
at Tests.Logintest.launchUSrl(Logintest.java:13)
at Tests.Logintest.launchUSrl(Logintest.java:13)
at Tests.Logintest.launchUSrl(Logintest.java:13)
at Tests.Logintest.launchUSrl(Logintest.java:13)
at Tests.Logintest.launchUSrl(Logintest.java:13)
at Tests.Logintest.launchUSrl(Logintest.java:13)
at Tests.Logintest.launchUSrl(Logintest.java:13)
at Tests.Logintest.launchUSrl(Logintest.java:13)
at Tests.Logintest.launchUSrl(Logintest.java:13)
at Tests.Logintest.launchUSrl(Logintest.java:13)
at Tests.Logintest.launchUSrl(Logintest.java:13)
at Tests.Logintest.launchUSrl(Logintest.java:13)
at Tests.Logintest.launchUSrl(Logintest.java:13)
at Tests.Logintest.launchUSrl(Logintest.java:13)
at Tests.Logintest.launchUSrl(Logintest.java:13)
at Tests.Logintest.launchUSrl(Logintest.java:13)
at Tests.Logintest.launchUSrl(Logintest.java:13)
at Tests.Logintest.launchUSrl(Logintest.java:13)
at Tests.Logintest.launchUSrl(Logintest.java:13)
at Tests.Logintest.launchUSrl(Logintest.java:13)
at Tests.Logintest.launchUSrl(Logintest.java:13)
at Tests.Logintest.launchUSrl(Logintest.java:13)
at Tests.Logintest.launchUSrl(Logintest.java:13)
at Tests.Logintest.launchUSrl(Logintest.java:13)
at Tests.Logintest.launchUSrl(Logintest.java:13)
at Tests.Logintest.launchUSrl(Logintest.java:13)
at Tests.Logintest.launchUSrl(Logintest.java:13)
at Tests.Logintest.launchUSrl(Logintest.java:13)
at Tests.Logintest.launchUSrl(Logintest.java:13)
at Tests.Logintest.launchUSrl(Logintest.java:13)
at Tests.Logintest.launchUSrl(Logintest.java:13)
at Tests.Logintest.launchUSrl(Logintest.java:13)
at Tests.Logintest.launchUSrl(Logintest.java:13)
at Tests.Logintest.launchUSrl(Logintest.java:13)
at Tests.Logintest.launchUSrl(Logintest.java:13)
at Tests.Logintest.launchUSrl(Logintest.java:13)
at Tests.Logintest.launchUSrl(Logintest.java:13)
at Tests.Logintest.launchUSrl(Logintest.java:13)
at Tests.Logintest.launchUSrl(Logintest.java:13)
at Tests.Logintest.launchUSrl(Logintest.java:13)
at Tests.Logintest.launchUSrl(Logintest.java:13)
at Tests.Logintest.launchUSrl(Logintest.java:13)
at Tests.Logintest.launchUSrl(Logintest.java:13)
at Tests.Logintest.launchUSrl(Logintest.java:13)
at Tests.Logintest.launchUSrl(Logintest.java:13)
at Tests.Logintest.launchUSrl(Logintest.java:13)
at Tests.Logintest.launchUSrl(Logintest.java:13)
at Tests.Logintest.launchUSrl(Logintest.java:13)
at Tests.Logintest.launchUSrl(Logintest.java:13)
at Tests.Logintest.launchUSrl(Logintest.java:13)
at Tests.Logintest.launchUSrl(Logintest.java:13)
at Tests.Logintest.launchUSrl(Logintest.java:13)
at Tests.Logintest.launchUSrl(Logintest.java:13)
at Tests.Logintest.launchUSrl(Logintest.java:13)
at Tests.Logintest.launchUSrl(Logintest.java:13)
at Tests.Logintest.launchUSrl(Logintest.java:13)
at Tests.Logintest.launchUSrl(Logintest.java:13)
at Tests.Logintest.launchUSrl(Logintest.java:13)
at Tests.Logintest.launchUSrl(Logintest.java:13)
at Tests.Logintest.launchUSrl(Logintest.java:13)
at Tests.Logintest.launchUSrl(Logintest.java:13)
at Tests.Logintest.launchUSrl(Logintest.java:13)
at Tests.Logintest.launchUSrl(Logintest.java:13)
at Tests.Logintest.launchUSrl(Logintest.java:13)
at Tests.Logintest.launchUSrl(Logintest.java:13)
at Tests.Logintest.launchUSrl(Logintest.java:13)
at Tests.Logintest.launchUSrl(Logintest.java:13)
at Tests.Logintest.launchUSrl(Logintest.java:13)
at Tests.Logintest.launchUSrl(Logintest.java:13)
at Tests.Logintest.launchUSrl(Logintest.java:13)
at Tests.Logintest.launchUSrl(Logintest.java:13)
at Tests.Logintest.launchUSrl(Logintest.java:13)
at Tests.Logintest.launchUSrl(Logintest.java:13)
at Tests.Logintest.launchUSrl(Logintest.java:13)
at Tests.Logintest.launchUSrl(Logintest.java:13)
at Tests.Logintest.launchUSrl(Logintest.java:13)
at Tests.Logintest.launchUSrl(Logintest.java:13)
at Tests.Logintest.launchUSrl(Logintest.java:13)
at Tests.Logintest.launchUSrl(Logintest.java:13)
at Tests.Logintest.launchUSrl(Logintest.java:13)
at Tests.Logintest.launchUSrl(Logintest.java:13)
at Tests.Logintest.launchUSrl(Logintest.java:13)
at Tests.Logintest.launchUSrl(Logintest.java:13)
at Tests.Logintest.launchUSrl(Logintest.java:13)
at Tests.Logintest.launchUSrl(Logintest.java:13)
at Tests.Logintest.launchUSrl(Logintest.java:13)
at Tests.Logintest.launchUSrl(Logintest.java:13)
at Tests.Logintest.launchUSrl(Logintest.java:13)
at Tests.Logintest.launchUSrl(Logintest.java:13)
at Tests.Logintest.launchUSrl(Logintest.java:13)
at Tests.Logintest.launchUSrl(Logintest.java:13)
at Tests.Logintest.launchUSrl(Logintest.java:13)
at Tests.Logintest.launchUSrl(Logintest.java:13)
at Tests.Logintest.launchUSrl(Logintest.java:13)
at Tests.Logintest.launchUSrl(Logintest.java:13)
at Tests.Logintest.launchUSrl(Logintest.java:13)
at Tests.Logintest.launchUSrl(Logintest.java:13)
at Tests.Logintest.launchUSrl(Logintest.java:13)
at Tests.Logintest.launchUSrl(Logintest.java:13)
at Tests.Logintest.launchUSrl(Logintest.java:13)
at Tests.Logintest.launchUSrl(Logintest.java:13)
at Tests.Logintest.launchUSrl(Logintest.java:13)
at Tests.Logintest.launchUSrl(Logintest.java:13)
at Tests.Logintest.launchUSrl(Logintest.java:13)
at Tests.Logintest.launchUSrl(Logintest.java:13)
at Tests.Logintest.launchUSrl(Logintest.java:13)
at Tests.Logintest.launchUSrl(Logintest.java:13)
at Tests.Logintest.launchUSrl(Logintest.java:13)
at Tests.Logintest.launchUSrl(Logintest.java:13)
at Tests.Logintest.launchUSrl(Logintest.java:13)
at Tests.Logintest.launchUSrl(Logintest.java:13)
at Tests.Logintest.launchUSrl(Logintest.java:13)
at Tests.Logintest.launchUSrl(Logintest.java:13)
at Tests.Logintest.launchUSrl(Logintest.java:13)
at Tests.Logintest.launchUSrl(Logintest.java:13)
at Tests.Logintest.launchUSrl(Logintest.java:13)
at Tests.Logintest.launchUSrl(Logintest.java:13)
at Tests.Logintest.launchUSrl(Logintest.java:13)
at Tests.Logintest.launchUSrl(Logintest.java:13)
at Tests.Logintest.launchUSrl(Logintest.java:13)
at Tests.Logintest.launchUSrl(Logintest.java:13)
at Tests.Logintest.launchUSrl(Logintest.java:13)
at Tests.Logintest.launchUSrl(Logintest.java:13)
at Tests.Logintest.launchUSrl(Logintest.java:13)
at Tests.Logintest.launchUSrl(Logintest.java:13)
at Tests.Logintest.launchUSrl(Logintest.java:13)
at Tests.Logintest.launchUSrl(Logintest.java:13)
at Tests.Logintest.launchUSrl(Logintest.java:13)
at Tests.Logintest.launchUSrl(Logintest.java:13)
at Tests.Logintest.launchUSrl(Logintest.java:13)
at Tests.Logintest.launchUSrl(Logintest.java:13)
at Tests.Logintest.launchUSrl(Logintest.java:13)
at Tests.Logintest.launchUSrl(Logintest.java:13)
at Tests.Logintest.launchUSrl(Logintest.java:13)
at Tests.Logintest.launchUSrl(Logintest.java:13)
at Tests.Logintest.launchUSrl(Logintest.java:13)
at Tests.Logintest.launchUSrl(Logintest.java:13)
at Tests.Logintest.launchUSrl(Logintest.java:13)
at Tests.Logintest.launchUSrl(Logintest.java:13)
at Tests.Logintest.launchUSrl(Logintest.java:13)
at Tests.Logintest.launchUSrl(Logintest.java:13)
at Tests.Logintest.launchUSrl(Logintest.java:13)
at Tests.Logintest.launchUSrl(Logintest.java:13)
at Tests.Logintest.launchUSrl(Logintest.java:13)
at Tests.Logintest.launchUSrl(Logintest.java:13)
at Tests.Logintest.launchUSrl(Logintest.java:13)
at Tests.Logintest.launchUSrl(Logintest.java:13)
at Tests.Logintest.launchUSrl(Logintest.java:13)
at Tests.Logintest.launchUSrl(Logintest.java:13)
at Tests.Logintest.launchUSrl(Logintest.java:13)
at Tests.Logintest.launchUSrl(Logintest.java:13)
at Tests.Logintest.launchUSrl(Logintest.java:13)
at Tests.Logintest.launchUSrl(Logintest.java:13)
at Tests.Logintest.launchUSrl(Logintest.java:13)
at Tests.Logintest.launchUSrl(Logintest.java:13)
at Tests.Logintest.launchUSrl(Logintest.java:13)
at Tests.Logintest.launchUSrl(Logintest.java:13)
at Tests.Logintest.launchUSrl(Logintest.java:13)
at Tests.Logintest.launchUSrl(Logintest.java:13)
at Tests.Logintest.launchUSrl(Logintest.java:13)
at Tests.Logintest.launchUSrl(Logintest.java:13)
at Tests.Logintest.launchUSrl(Logintest.java:13)
at Tests.Logintest.launchUSrl(Logintest.java:13)
at Tests.Logintest.launchUSrl(Logintest.java:13)
at Tests.Logintest.launchUSrl(Logintest.java:13)
at Tests.Logintest.launchUSrl(Logintest.java:13)
at Tests.Logintest.launchUSrl(Logintest.java:13)
at Tests.Logintest.launchUSrl(Logintest.java:13)
at Tests.Logintest.launchUSrl(Logintest.java:13)
at Tests.Logintest.launchUSrl(Logintest.java:13)
at Tests.Logintest.launchUSrl(Logintest.java:13)
at Tests.Logintest.launchUSrl(Logintest.java:13)
at Tests.Logintest.launchUSrl(Logintest.java:13)
at Tests.Logintest.launchUSrl(Logintest.java:13)
at Tests.Logintest.launchUSrl(Logintest.java:13)
at Tests.Logintest.launchUSrl(Logintest.java:13)
at Tests.Logintest.launchUSrl(Logintest.java:13)
at Tests.Logintest.launchUSrl(Logintest.java:13)
at Tests.Logintest.launchUSrl(Logintest.java:13)
at Tests.Logintest.launchUSrl(Logintest.java:13)
at Tests.Logintest.launchUSrl(Logintest.java:13)
at Tests.Logintest.launchUSrl(Logintest.java:13)
at Tests.Logintest.launchUSrl(Logintest.java:13)
at Tests.Logintest.launchUSrl(Logintest.java:13)
at Tests.Logintest.launchUSrl(Logintest.java:13)
at Tests.Logintest.launchUSrl(Logintest.java:13)
at Tests.Logintest.launchUSrl(Logintest.java:13)
at Tests.Logintest.launchUSrl(Logintest.java:13)
at Tests.Logintest.launchUSrl(Logintest.java:13)
at Tests.Logintest.launchUSrl(Logintest.java:13)
at Tests.Logintest.launchUSrl(Logintest.java:13)
at Tests.Logintest.launchUSrl(Logintest.java:13)
at Tests.Logintest.launchUSrl(Logintest.java:13)
at Tests.Logintest.launchUSrl(Logintest.java:13)
at Tests.Logintest.launchUSrl(Logintest.java:13)
at Tests.Logintest.launchUSrl(Logintest.java:13)
at Tests.Logintest.launchUSrl(Logintest.java:13)
at Tests.Logintest.launchUSrl(Logintest.java:13)
at Tests.Logintest.launchUSrl(Logintest.java:13)
at Tests.Logintest.launchUSrl(Logintest.java:13)
at Tests.Logintest.launchUSrl(Logintest.java:13)
at Tests.Logintest.launchUSrl(Logintest.java:13)
at Tests.Logintest.launchUSrl(Logintest.java:13)
at Tests.Logintest.launchUSrl(Logintest.java:13)
at Tests.Logintest.launchUSrl(Logintest.java:13)
at Tests.Logintest.launchUSrl(Logintest.java:13)
at Tests.Logintest.launchUSrl(Logintest.java:13)
at Tests.Logintest.launchUSrl(Logintest.java:13)
at Tests.Logintest.launchUSrl(Logintest.java:13)
at Tests.Logintest.launchUSrl(Logintest.java:13)
at Tests.Logintest.launchUSrl(Logintest.java:13)
at Tests.Logintest.launchUSrl(Logintest.java:13)
at Tests.Logintest.launchUSrl(Logintest.java:13)
at Tests.Logintest.launchUSrl(Logintest.java:13)
at Tests.Logintest.launchUSrl(Logintest.java:13)
at Tests.Logintest.launchUSrl(Logintest.java:13)
at Tests.Logintest.launchUSrl(Logintest.java:13)
at Tests.Logintest.launchUSrl(Logintest.java:13)
at Tests.Logintest.launchUSrl(Logintest.java:13)
at Tests.Logintest.launchUSrl(Logintest.java:13)
at Tests.Logintest.launchUSrl(Logintest.java:13)
at Tests.Logintest.launchUSrl(Logintest.java:13)
at Tests.Logintest.launchUSrl(Logintest.java:13)
at Tests.Logintest.launchUSrl(Logintest.java:13)
at Tests.Logintest.launchUSrl(Logintest.java:13)
at Tests.Logintest.launchUSrl(Logintest.java:13)
at Tests.Logintest.launchUSrl(Logintest.java:13)
at Tests.Logintest.launchUSrl(Logintest.java:13)
at Tests.Logintest.launchUSrl(Logintest.java:13)
at Tests.Logintest.launchUSrl(Logintest.java:13)
at Tests.Logintest.launchUSrl(Logintest.java:13)
at Tests.Logintest.launchUSrl(Logintest.java:13)
at Tests.Logintest.launchUSrl(Logintest.java:13)
at Tests.Logintest.launchUSrl(Logintest.java:13)
at Tests.Logintest.launchUSrl(Logintest.java:13)
at Tests.Logintest.launchUSrl(Logintest.java:13)
at Tests.Logintest.launchUSrl(Logintest.java:13)
at Tests.Logintest.launchUSrl(Logintest.java:13)
at Tests.Logintest.launchUSrl(Logintest.java:13)
at Tests.Logintest.launchUSrl(Logintest.java:13)
at Tests.Logintest.launchUSrl(Logintest.java:13)
at Tests.Logintest.launchUSrl(Logintest.java:13)
at Tests.Logintest.launchUSrl(Logintest.java:13)
at Tests.Logintest.launchUSrl(Logintest.java:13)
at Tests.Logintest.launchUSrl(Logintest.java:13)
at Tests.Logintest.launchUSrl(Logintest.java:13)
at Tests.Logintest.launchUSrl(Logintest.java:13)
at Tests.Logintest.launchUSrl(Logintest.java:13)
at Tests.Logintest.launchUSrl(Logintest.java:13)
at Tests.Logintest.launchUSrl(Logintest.java:13)
at Tests.Logintest.launchUSrl(Logintest.java:13)
at Tests.Logintest.launchUSrl(Logintest.java:13)
at Tests.Logintest.launchUSrl(Logintest.java:13)
at Tests.Logintest.launchUSrl(Logintest.java:13)
at Tests.Logintest.launchUSrl(Logintest.java:13)
at Tests.Logintest.launchUSrl(Logintest.java:13)
at Tests.Logintest.launchUSrl(Logintest.java:13)
at Tests.Logintest.launchUSrl(Logintest.java:13)
at Tests.Logintest.launchUSrl(Logintest.java:13)
at Tests.Logintest.launchUSrl(Logintest.java:13)
at Tests.Logintest.launchUSrl(Logintest.java:13)
at Tests.Logintest.launchUSrl(Logintest.java:13)
at Tests.Logintest.launchUSrl(Logintest.java:13)
at Tests.Logintest.launchUSrl(Logintest.java:13)
at Tests.Logintest.launchUSrl(Logintest.java:13)
at Tests.Logintest.launchUSrl(Logintest.java:13)
at Tests.Logintest.launchUSrl(Logintest.java:13)
at Tests.Logintest.launchUSrl(Logintest.java:13)
at Tests.Logintest.launchUSrl(Logintest.java:13)
at Tests.Logintest.launchUSrl(Logintest.java:13)
at Tests.Logintest.launchUSrl(Logintest.java:13)
at Tests.Logintest.launchUSrl(Logintest.java:13)
at Tests.Logintest.launchUSrl(Logintest.java:13)
at Tests.Logintest.launchUSrl(Logintest.java:13)
at Tests.Logintest.launchUSrl(Logintest.java:13)
at Tests.Logintest.launchUSrl(Logintest.java:13)
at Tests.Logintest.launchUSrl(Logintest.java:13)
at Tests.Logintest.launchUSrl(Logintest.java:13)
at Tests.Logintest.launchUSrl(Logintest.java:13)
at Tests.Logintest.launchUSrl(Logintest.java:13)
at Tests.Logintest.launchUSrl(Logintest.java:13)
at Tests.Logintest.launchUSrl(Logintest.java:13)
at Tests.Logintest.launchUSrl(Logintest.java:13)
at Tests.Logintest.launchUSrl(Logintest.java:13)
at Tests.Logintest.launchUSrl(Logintest.java:13)
at Tests.Logintest.launchUSrl(Logintest.java:13)
at Tests.Logintest.launchUSrl(Logintest.java:13)
at Tests.Logintest.launchUSrl(Logintest.java:13)
at Tests.Logintest.launchUSrl(Logintest.java:13)
at Tests.Logintest.launchUSrl(Logintest.java:13)
at Tests.Logintest.launchUSrl(Logintest.java:13)
at Tests.Logintest.launchUSrl(Logintest.java:13)
at Tests.Logintest.launchUSrl(Logintest.java:13)
at Tests.Logintest.launchUSrl(Logintest.java:13)
at Tests.Logintest.launchUSrl(Logintest.java:13)
at Tests.Logintest.launchUSrl(Logintest.java:13)
at Tests.Logintest.launchUSrl(Logintest.java:13)
at Tests.Logintest.launchUSrl(Logintest.java:13)
at Tests.Logintest.launchUSrl(Logintest.java:13)
at Tests.Logintest.launchUSrl(Logintest.java:13)
at Tests.Logintest.launchUSrl(Logintest.java:13)
at Tests.Logintest.launchUSrl(Logintest.java:13)
at Tests.Logintest.launchUSrl(Logintest.java:13)
at Tests.Logintest.launchUSrl(Logintest.java:13)
at Tests.Logintest.launchUSrl(Logintest.java:13)
at Tests.Logintest.launchUSrl(Logintest.java:13)
at Tests.Logintest.launchUSrl(Logintest.java:13)
at Tests.Logintest.launchUSrl(Logintest.java:13)
at Tests.Logintest.launchUSrl(Logintest.java:13)
at Tests.Logintest.launchUSrl(Logintest.java:13)
at Tests.Logintest.launchUSrl(Logintest.java:13)
at Tests.Logintest.launchUSrl(Logintest.java:13)
at Tests.Logintest.launchUSrl(Logintest.java:13)
at Tests.Logintest.launchUSrl(Logintest.java:13)
at Tests.Logintest.launchUSrl(Logintest.java:13)
at Tests.Logintest.launchUSrl(Logintest.java:13)
at Tests.Logintest.launchUSrl(Logintest.java:13)
at Tests.Logintest.launchUSrl(Logintest.java:13)
at Tests.Logintest.launchUSrl(Logintest.java:13)
at Tests.Logintest.launchUSrl(Logintest.java:13)
at Tests.Logintest.launchUSrl(Logintest.java:13)
at Tests.Logintest.launchUSrl(Logintest.java:13)
at Tests.Logintest.launchUSrl(Logintest.java:13)
at Tests.Logintest.launchUSrl(Logintest.java:13)
at Tests.Logintest.launchUSrl(Logintest.java:13)
at Tests.Logintest.launchUSrl(Logintest.java:13)
at Tests.Logintest.launchUSrl(Logintest.java:13)
at Tests.Logintest.launchUSrl(Logintest.java:13)
at Tests.Logintest.launchUSrl(Logintest.java:13)
at Tests.Logintest.launchUSrl(Logintest.java:13)
at Tests.Logintest.launchUSrl(Logintest.java:13)
at Tests.Logintest.launchUSrl(Logintest.java:13)
at Tests.Logintest.launchUSrl(Logintest.java:13)
at Tests.Logintest.launchUSrl(Logintest.java:13)
at Tests.Logintest.launchUSrl(Logintest.java:13)
at Tests.Logintest.launchUSrl(Logintest.java:13)
at Tests.Logintest.launchUSrl(Logintest.java:13)
at Tests.Logintest.launchUSrl(Logintest.java:13)
at Tests.Logintest.launchUSrl(Logintest.java:13)
at Tests.Logintest.launchUSrl(Logintest.java:13)
at Tests.Logintest.launchUSrl(Logintest.java:13)
at Tests.Logintest.launchUSrl(Logintest.java:13)
at Tests.Logintest.launchUSrl(Logintest.java:13)
at Tests.Logintest.launchUSrl(Logintest.java:13)
at Tests.Logintest.launchUSrl(Logintest.java:13)
at Tests.Logintest.launchUSrl(Logintest.java:13)
at Tests.Logintest.launchUSrl(Logintest.java:13)
at Tests.Logintest.launchUSrl(Logintest.java:13)
at Tests.Logintest.launchUSrl(Logintest.java:13)
at Tests.Logintest.launchUSrl(Logintest.java:13)
at Tests.Logintest.launchUSrl(Logintest.java:13)
at Tests.Logintest.launchUSrl(Logintest.java:13)
at Tests.Logintest.launchUSrl(Logintest.java:13)
at Tests.Logintest.launchUSrl(Logintest.java:13)
at Tests.Logintest.launchUSrl(Logintest.java:13)
at Tests.Logintest.launchUSrl(Logintest.java:13)
at Tests.Logintest.launchUSrl(Logintest.java:13)
at Tests.Logintest.launchUSrl(Logintest.java:13)
at Tests.Logintest.launchUSrl(Logintest.java:13)
at Tests.Logintest.launchUSrl(Logintest.java:13)
at Tests.Logintest.launchUSrl(Logintest.java:13)
at Tests.Logintest.launchUSrl(Logintest.java:13)
at Tests.Logintest.launchUSrl(Logintest.java:13)
at Tests.Logintest.launchUSrl(Logintest.java:13)
at Tests.Logintest.launchUSrl(Logintest.java:13)
at Tests.Logintest.launchUSrl(Logintest.java:13)
at Tests.Logintest.launchUSrl(Logintest.java:13)
at Tests.Logintest.launchUSrl(Logintest.java:13)
at Tests.Logintest.launchUSrl(Logintest.java:13)
at Tests.Logintest.launchUSrl(Logintest.java:13)
at Tests.Logintest.launchUSrl(Logintest.java:13)
at Tests.Logintest.launchUSrl(Logintest.java:13)
at Tests.Logintest.launchUSrl(Logintest.java:13)
at Tests.Logintest.launchUSrl(Logintest.java:13)
at Tests.Logintest.launchUSrl(Logintest.java:13)
at Tests.Logintest.launchUSrl(Logintest.java:13)
at Tests.Logintest.launchUSrl(Logintest.java:13)
at Tests.Logintest.launchUSrl(Logintest.java:13)
at Tests.Logintest.launchUSrl(Logintest.java:13)
at Tests.Logintest.launchUSrl(Logintest.java:13)
at Tests.Logintest.launchUSrl(Logintest.java:13)
at Tests.Logintest.launchUSrl(Logintest.java:13)
at Tests.Logintest.launchUSrl(Logintest.java:13)
at Tests.Logintest.launchUSrl(Logintest.java:13)
at Tests.Logintest.launchUSrl(Logintest.java:13)
at Tests.Logintest.launchUSrl(Logintest.java:13)
at Tests.Logintest.launchUSrl(Logintest.java:13)
at Tests.Logintest.launchUSrl(Logintest.java:13)
at Tests.Logintest.launchUSrl(Logintest.java:13)
at Tests.Logintest.launchUSrl(Logintest.java:13)
at Tests.Logintest.launchUSrl(Logintest.java:13)
at Tests.Logintest.launchUSrl(Logintest.java:13)
at Tests.Logintest.launchUSrl(Logintest.java:13)
at Tests.Logintest.launchUSrl(Logintest.java:13)
at Tests.Logintest.launchUSrl(Logintest.java:13)
at Tests.Logintest.launchUSrl(Logintest.java:13)
at Tests.Logintest.launchUSrl(Logintest.java:13)
at Tests.Logintest.launchUSrl(Logintest.java:13)
at Tests.Logintest.launchUSrl(Logintest.java:13)
at Tests.Logintest.launchUSrl(Logintest.java:13)
at Tests.Logintest.launchUSrl(Logintest.java:13)
at Tests.Logintest.launchUSrl(Logintest.java:13)
at Tests.Logintest.launchUSrl(Logintest.java:13)
at Tests.Logintest.launchUSrl(Logintest.java:13)
at Tests.Logintest.launchUSrl(Logintest.java:13)
at Tests.Logintest.launchUSrl(Logintest.java:13)
at Tests.Logintest.launchUSrl(Logintest.java:13)
at Tests.Logintest.launchUSrl(Logintest.java:13)
at Tests.Logintest.launchUSrl(Logintest.java:13)
at Tests.Logintest.launchUSrl(Logintest.java:13)
at Tests.Logintest.launchUSrl(Logintest.java:13)
at Tests.Logintest.launchUSrl(Logintest.java:13)
at Tests.Logintest.launchUSrl(Logintest.java:13)
at Tests.Logintest.launchUSrl(Logintest.java:13)
at Tests.Logintest.launchUSrl(Logintest.java:13)
at Tests.Logintest.launchUSrl(Logintest.java:13)
at Tests.Logintest.launchUSrl(Logintest.java:13)
at Tests.Logintest.launchUSrl(Logintest.java:13)
at Tests.Logintest.launchUSrl(Logintest.java:13)
at Tests.Logintest.launchUSrl(Logintest.java:13)
at Tests.Logintest.launchUSrl(Logintest.java:13)
at Tests.Logintest.launchUSrl(Logintest.java:13)
at Tests.Logintest.launchUSrl(Logintest.java:13)
at Tests.Logintest.launchUSrl(Logintest.java:13)
at Tests.Logintest.launchUSrl(Logintest.java:13)
at Tests.Logintest.launchUSrl(Logintest.java:13)
at Tests.Logintest.launchUSrl(Logintest.java:13)
at Tests.Logintest.launchUSrl(Logintest.java:13)
at Tests.Logintest.launchUSrl(Logintest.java:13)
at Tests.Logintest.launchUSrl(Logintest.java:13)
at Tests.Logintest.launchUSrl(Logintest.java:13)
at Tests.Logintest.launchUSrl(Logintest.java:13)
at Tests.Logintest.launchUSrl(Logintest.java:13)
at Tests.Logintest.launchUSrl(Logintest.java:13)
at Tests.Logintest.launchUSrl(Logintest.java:13)
at Tests.Logintest.launchUSrl(Logintest.java:13)
at Tests.Logintest.launchUSrl(Logintest.java:13)
at Tests.Logintest.launchUSrl(Logintest.java:13)
at Tests.Logintest.launchUSrl(Logintest.java:13)
at Tests.Logintest.launchUSrl(Logintest.java:13)
at Tests.Logintest.launchUSrl(Logintest.java:13)
at Tests.Logintest.launchUSrl(Logintest.java:13)
at Tests.Logintest.launchUSrl(Logintest.java:13)
at Tests.Logintest.launchUSrl(Logintest.java:13)
at Tests.Logintest.launchUSrl(Logintest.java:13)
at Tests.Logintest.launchUSrl(Logintest.java:13)
at Tests.Logintest.launchUSrl(Logintest.java:13)
at Tests.Logintest.launchUSrl(Logintest.java:13)
at Tests.Logintest.launchUSrl(Logintest.java:13)
at Tests.Logintest.launchUSrl(Logintest.java:13)
at Tests.Logintest.launchUSrl(Logintest.java:13)
at Tests.Logintest.launchUSrl(Logintest.java:13)
at Tests.Logintest.launchUSrl(Logintest.java:13)
at Tests.Logintest.launchUSrl(Logintest.java:13)
at Tests.Logintest.launchUSrl(Logintest.java:13)
at Tests.Logintest.launchUSrl(Logintest.java:13)
at Tests.Logintest.launchUSrl(Logintest.java:13)
at Tests.Logintest.launchUSrl(Logintest.java:13)
at Tests.Logintest.launchUSrl(Logintest.java:13)
at Tests.Logintest.launchUSrl(Logintest.java:13)
at Tests.Logintest.launchUSrl(Logintest.java:13)
at Tests.Logintest.launchUSrl(Logintest.java:13)
at Tests.Logintest.launchUSrl(Logintest.java:13)
at Tests.Logintest.launchUSrl(Logintest.java:13)
at Tests.Logintest.launchUSrl(Logintest.java:13)
at Tests.Logintest.launchUSrl(Logintest.java:13)
at Tests.Logintest.launchUSrl(Logintest.java:13)
at Tests.Logintest.launchUSrl(Logintest.java:13)
at Tests.Logintest.launchUSrl(Logintest.java:13)
at Tests.Logintest.launchUSrl(Logintest.java:13)
at Tests.Logintest.launchUSrl(Logintest.java:13)
at Tests.Logintest.launchUSrl(Logintest.java:13)
at Tests.Logintest.launchUSrl(Logintest.java:13)
at Tests.Logintest.launchUSrl(Logintest.java:13)
at Tests.Logintest.launchUSrl(Logintest.java:13)
at Tests.Logintest.launchUSrl(Logintest.java:13)
at Tests.Logintest.launchUSrl(Logintest.java:13)
at Tests.Logintest.launchUSrl(Logintest.java:13)
at Tests.Logintest.launchUSrl(Logintest.java:13)
at Tests.Logintest.launchUSrl(Logintest.java:13)
at Tests.Logintest.launchUSrl(Logintest.java:13)
at Tests.Logintest.launchUSrl(Logintest.java:13)
at Tests.Logintest.launchUSrl(Logintest.java:13)
at Tests.Logintest.launchUSrl(Logintest.java:13)
at Tests.Logintest.launchUSrl(Logintest.java:13)
at Tests.Logintest.launchUSrl(Logintest.java:13)
at Tests.Logintest.launchUSrl(Logintest.java:13)
at Tests.Logintest.launchUSrl(Logintest.java:13)
at Tests.Logintest.launchUSrl(Logintest.java:13)
at Tests.Logintest.launchUSrl(Logintest.java:13)
at Tests.Logintest.launchUSrl(Logintest.java:13)
at Tests.Logintest.launchUSrl(Logintest.java:13)
at Tests.Logintest.launchUSrl(Logintest.java:13)
at Tests.Logintest.launchUSrl(Logintest.java:13)
at Tests.Logintest.launchUSrl(Logintest.java:13)
at Tests.Logintest.launchUSrl(Logintest.java:13)
at Tests.Logintest.launchUSrl(Logintest.java:13)
at Tests.Logintest.launchUSrl(Logintest.java:13)
at Tests.Logintest.launchUSrl(Logintest.java:13)
at Tests.Logintest.launchUSrl(Logintest.java:13)
at Tests.Logintest.launchUSrl(Logintest.java:13)
at Tests.Logintest.launchUSrl(Logintest.java:13)
at Tests.Logintest.launchUSrl(Logintest.java:13)
at Tests.Logintest.launchUSrl(Logintest.java:13)
at Tests.Logintest.launchUSrl(Logintest.java:13)
at Tests.Logintest.launchUSrl(Logintest.java:13)
at Tests.Logintest.launchUSrl(Logintest.java:13)
at Tests.Logintest.launchUSrl(Logintest.java:13)
at Tests.Logintest.launchUSrl(Logintest.java:13)
at Tests.Logintest.launchUSrl(Logintest.java:13)
at Tests.Logintest.launchUSrl(Logintest.java:13)
at Tests.Logintest.launchUSrl(Logintest.java:13)
at Tests.Logintest.launchUSrl(Logintest.java:13)
at Tests.Logintest.launchUSrl(Logintest.java:13)
at Tests.Logintest.launchUSrl(Logintest.java:13)
at Tests.Logintest.launchUSrl(Logintest.java:13)
at Tests.Logintest.launchUSrl(Logintest.java:13)
at Tests.Logintest.launchUSrl(Logintest.java:13)
at Tests.Logintest.launchUSrl(Logintest.java:13)
at Tests.Logintest.launchUSrl(Logintest.java:13)
at Tests.Logintest.launchUSrl(Logintest.java:13)
at Tests.Logintest.launchUSrl(Logintest.java:13)
at Tests.Logintest.launchUSrl(Logintest.java:13)
at Tests.Logintest.launchUSrl(Logintest.java:13)
at Tests.Logintest.launchUSrl(Logintest.java:13)
at Tests.Logintest.launchUSrl(Logintest.java:13)
at Tests.Logintest.launchUSrl(Logintest.java:13)
at Tests.Logintest.launchUSrl(Logintest.java:13)
at Tests.Logintest.launchUSrl(Logintest.java:13)
at Tests.Logintest.launchUSrl(Logintest.java:13)
at Tests.Logintest.launchUSrl(Logintest.java:13)
at Tests.Logintest.launchUSrl(Logintest.java:13)
at Tests.Logintest.launchUSrl(Logintest.java:13)
at Tests.Logintest.launchUSrl(Logintest.java:13)
at Tests.Logintest.launchUSrl(Logintest.java:13)
at Tests.Logintest.launchUSrl(Logintest.java:13)
at Tests.Logintest.launchUSrl(Logintest.java:13)
at Tests.Logintest.launchUSrl(Logintest.java:13)
at Tests.Logintest.launchUSrl(Logintest.java:13)
at Tests.Logintest.launchUSrl(Logintest.java:13)
at Tests.Logintest.launchUSrl(Logintest.java:13)
at Tests.Logintest.launchUSrl(Logintest.java:13)
at Tests.Logintest.launchUSrl(Logintest.java:13)
at Tests.Logintest.launchUSrl(Logintest.java:13)
at Tests.Logintest.launchUSrl(Logintest.java:13)
at Tests.Logintest.launchUSrl(Logintest.java:13)
at Tests.Logintest.launchUSrl(Logintest.java:13)
at Tests.Logintest.launchUSrl(Logintest.java:13)
at Tests.Logintest.launchUSrl(Logintest.java:13)
at Tests.Logintest.launchUSrl(Logintest.java:13)
at Tests.Logintest.launchUSrl(Logintest.java:13)
at Tests.Logintest.launchUSrl(Logintest.java:13)
at Tests.Logintest.launchUSrl(Logintest.java:13)
at Tests.Logintest.launchUSrl(Logintest.java:13)
at Tests.Logintest.launchUSrl(Logintest.java:13)
at Tests.Logintest.launchUSrl(Logintest.java:13)
at Tests.Logintest.launchUSrl(Logintest.java:13)
at Tests.Logintest.launchUSrl(Logintest.java:13)
at Tests.Logintest.launchUSrl(Logintest.java:13)
at Tests.Logintest.launchUSrl(Logintest.java:13)
at Tests.Logintest.launchUSrl(Logintest.java:13)
at Tests.Logintest.launchUSrl(Logintest.java:13)
at Tests.Logintest.launchUSrl(Logintest.java:13)
at Tests.Logintest.launchUSrl(Logintest.java:13)
at Tests.Logintest.launchUSrl(Logintest.java:13)
at Tests.Logintest.launchUSrl(Logintest.java:13)
at Tests.Logintest.launchUSrl(Logintest.java:13)
at Tests.Logintest.launchUSrl(Logintest.java:13)
at Tests.Logintest.launchUSrl(Logintest.java:13)
at Tests.Logintest.launchUSrl(Logintest.java:13)
at Tests.Logintest.launchUSrl(Logintest.java:13)
at Tests.Logintest.launchUSrl(Logintest.java:13)
at Tests.Logintest.launchUSrl(Logintest.java:13)
at Tests.Logintest.launchUSrl(Logintest.java:13)
at Tests.Logintest.launchUSrl(Logintest.java:13)
at Tests.Logintest.launchUSrl(Logintest.java:13)
at Tests.Logintest.launchUSrl(Logintest.java:13)
at Tests.Logintest.launchUSrl(Logintest.java:13)
at Tests.Logintest.launchUSrl(Logintest.java:13)
at Tests.Logintest.launchUSrl(Logintest.java:13)
at Tests.Logintest.launchUSrl(Logintest.java:13)
at Tests.Logintest.launchUSrl(Logintest.java:13)
at Tests.Logintest.launchUSrl(Logintest.java:13)
at Tests.Logintest.launchUSrl(Logintest.java:13)
at Tests.Logintest.launchUSrl(Logintest.java:13)
at Tests.Logintest.launchUSrl(Logintest.java:13)
at Tests.Logintest.launchUSrl(Logintest.java:13)
at Tests.Logintest.launchUSrl(Logintest.java:13)
at Tests.Logintest.launchUSrl(Logintest.java:13)
at Tests.Logintest.launchUSrl(Logintest.java:13)
at Tests.Logintest.launchUSrl(Logintest.java:13)
at Tests.Logintest.launchUSrl(Logintest.java:13)
at Tests.Logintest.launchUSrl(Logintest.java:13)
at Tests.Logintest.launchUSrl(Logintest.java:13)
at Tests.Logintest.launchUSrl(Logintest.java:13)
at Tests.Logintest.launchUSrl(Logintest.java:13)
at Tests.Logintest.launchUSrl(Logintest.java:13)
at Tests.Logintest.launchUSrl(Logintest.java:13)
at Tests.Logintest.launchUSrl(Logintest.java:13)
at Tests.Logintest.launchUSrl(Logintest.java:13)
at Tests.Logintest.launchUSrl(Logintest.java:13)
at Tests.Logintest.launchUSrl(Logintest.java:13)
at Tests.Logintest.launchUSrl(Logintest.java:13)
at Tests.Logintest.launchUSrl(Logintest.java:13)
at Tests.Logintest.launchUSrl(Logintest.java:13)
at Tests.Logintest.launchUSrl(Logintest.java:13)
at Tests.Logintest.launchUSrl(Logintest.java:13)
at Tests.Logintest.launchUSrl(Logintest.java:13)
at Tests.Logintest.launchUSrl(Logintest.java:13)
at Tests.Logintest.launchUSrl(Logintest.java:13)
at Tests.Logintest.launchUSrl(Logintest.java:13)
at Tests.Logintest.launchUSrl(Logintest.java:13)
at Tests.Logintest.launchUSrl(Logintest.java:13)
at Tests.Logintest.launchUSrl(Logintest.java:13)
at Tests.Logintest.launchUSrl(Logintest.java:13)
at Tests.Logintest.launchUSrl(Logintest.java:13)
at Tests.Logintest.launchUSrl(Logintest.java:13)
at Tests.Logintest.launchUSrl(Logintest.java:13)
at Tests.Logintest.launchUSrl(Logintest.java:13)
at Tests.Logintest.launchUSrl(Logintest.java:13)
at Tests.Logintest.launchUSrl(Logintest.java:13)
at Tests.Logintest.launchUSrl(Logintest.java:13)
at Tests.Logintest.launchUSrl(Logintest.java:13)
at Tests.Logintest.launchUSrl(Logintest.java:13)
at Tests.Logintest.launchUSrl(Logintest.java:13)
at Tests.Logintest.launchUSrl(Logintest.java:13)
at Tests.Logintest.launchUSrl(Logintest.java:13)
at Tests.Logintest.launchUSrl(Logintest.java:13)
at Tests.Logintest.launchUSrl(Logintest.java:13)
at Tests.Logintest.launchUSrl(Logintest.java:13)
at Tests.Logintest.launchUSrl(Logintest.java:13)
at Tests.Logintest.launchUSrl(Logintest.java:13)
at Tests.Logintest.launchUSrl(Logintest.java:13)
at Tests.Logintest.launchUSrl(Logintest.java:13)
at Tests.Logintest.launchUSrl(Logintest.java:13)
at Tests.Logintest.launchUSrl(Logintest.java:13)
at Tests.Logintest.launchUSrl(Logintest.java:13)
at Tests.Logintest.launchUSrl(Logintest.java:13)
at Tests.Logintest.launchUSrl(Logintest.java:13)
at Tests.Logintest.launchUSrl(Logintest.java:13)
at Tests.Logintest.launchUSrl(Logintest.java:13)
at Tests.Logintest.launchUSrl(Logintest.java:13)
at Tests.Logintest.launchUSrl(Logintest.java:13)
at Tests.Logintest.launchUSrl(Logintest.java:13)
at Tests.Logintest.launchUSrl(Logintest.java:13)
at Tests.Logintest.launchUSrl(Logintest.java:13)
at Tests.Logintest.launchUSrl(Logintest.java:13)
at Tests.Logintest.launchUSrl(Logintest.java:13)
at Tests.Logintest.launchUSrl(Logintest.java:13)
at Tests.Logintest.launchUSrl(Logintest.java:13)
at Tests.Logintest.launchUSrl(Logintest.java:13)
at Tests.Logintest.launchUSrl(Logintest.java:13)
at Tests.Logintest.launchUSrl(Logintest.java:13)
at Tests.Logintest.launchUSrl(Logintest.java:13)
at Tests.Logintest.launchUSrl(Logintest.java:13)
at Tests.Logintest.launchUSrl(Logintest.java:13)
at Tests.Logintest.launchUSrl(Logintest.java:13)
at Tests.Logintest.launchUSrl(Logintest.java:13)
at Tests.Logintest.launchUSrl(Logintest.java:13)
at Tests.Logintest.launchUSrl(Logintest.java:13)
at Tests.Logintest.launchUSrl(Logintest.java:13)
at Tests.Logintest.launchUSrl(Logintest.java:13)
at Tests.Logintest.launchUSrl(Logintest.java:13)
at Tests.Logintest.launchUSrl(Logintest.java:13)
at Tests.Logintest.launchUSrl(Logintest.java:13)
at Tests.Logintest.launchUSrl(Logintest.java:13)
at Tests.Logintest.launchUSrl(Logintest.java:13)
at Tests.Logintest.launchUSrl(Logintest.java:13)
at Tests.Logintest.launchUSrl(Logintest.java:13)
at Tests.Logintest.launchUSrl(Logintest.java:13)
at Tests.Logintest.launchUSrl(Logintest.java:13)
at Tests.Logintest.launchUSrl(Logintest.java:13)
at Tests.Logintest.launchUSrl(Logintest.java:13)
at Tests.Logintest.launchUSrl(Logintest.java:13)
at Tests.Logintest.launchUSrl(Logintest.java:13)
at Tests.Logintest.launchUSrl(Logintest.java:13)
at Tests.Logintest.launchUSrl(Logintest.java:13)
at Tests.Logintest.launchUSrl(Logintest.java:13)
at Tests.Logintest.launchUSrl(Logintest.java:13)
at Tests.Logintest.launchUSrl(Logintest.java:13)
at Tests.Logintest.launchUSrl(Logintest.java:13)
at Tests.Logintest.launchUSrl(Logintest.java:13)
at Tests.Logintest.launchUSrl(Logintest.java:13)
at Tests.Logintest.launchUSrl(Logintest.java:13)
at Tests.Logintest.launchUSrl(Logintest.java:13)
at Tests.Logintest.launchUSrl(Logintest.java:13)
at Tests.Logintest.launchUSrl(Logintest.java:13)
at Tests.Logintest.launchUSrl(Logintest.java:13)
at Tests.Logintest.launchUSrl(Logintest.java:13)
at Tests.Logintest.launchUSrl(Logintest.java:13)
at Tests.Logintest.launchUSrl(Logintest.java:13)
at Tests.Logintest.launchUSrl(Logintest.java:13)
at Tests.Logintest.launchUSrl(Logintest.java:13)
at Tests.Logintest.launchUSrl(Logintest.java:13)
at Tests.Logintest.launchUSrl(Logintest.java:13)
at Tests.Logintest.launchUSrl(Logintest.java:13)
at Tests.Logintest.launchUSrl(Logintest.java:13)
at Tests.Logintest.launchUSrl(Logintest.java:13)
at Tests.Logintest.launchUSrl(Logintest.java:13)
at Tests.Logintest.launchUSrl(Logintest.java:13)
at Tests.Logintest.launchUSrl(Logintest.java:13)
at Tests.Logintest.launchUSrl(Logintest.java:13)
at Tests.Logintest.launchUSrl(Logintest.java:13)
at Tests.Logintest.launchUSrl(Logintest.java:13)
at Tests.Logintest.launchUSrl(Logintest.java:13)
at Tests.Logintest.launchUSrl(Logintest.java:13)
at Tests.Logintest.launchUSrl(Logintest.java:13)
at Tests.Logintest.launchUSrl(Logintest.java:13)
at Tests.Logintest.launchUSrl(Logintest.java:13)
at Tests.Logintest.launchUSrl(Logintest.java:13)
at Tests.Logintest.launchUSrl(Logintest.java:13)
at Tests.Logintest.launchUSrl(Logintest.java:13)
at Tests.Logintest.launchUSrl(Logintest.java:13)
at Tests.Logintest.launchUSrl(Logintest.java:13)
at Tests.Logintest.launchUSrl(Logintest.java:13)
at Tests.Logintest.launchUSrl(Logintest.java:13)
at Tests.Logintest.launchUSrl(Logintest.java:13)
at Tests.Logintest.launchUSrl(Logintest.java:13)
at Tests.Logintest.launchUSrl(Logintest.java:13)
at Tests.Logintest.launchUSrl(Logintest.java:13)
at Tests.Logintest.launchUSrl(Logintest.java:13)
at Tests.Logintest.launchUSrl(Logintest.java:13)
at Tests.Logintest.launchUSrl(Logintest.java:13)
at Tests.Logintest.launchUSrl(Logintest.java:13)
at Tests.Logintest.launchUSrl(Logintest.java:13)
at Tests.Logintest.launchUSrl(Logintest.java:13)
at Tests.Logintest.launchUSrl(Logintest.java:13)
at Tests.Logintest.launchUSrl(Logintest.java:13)
at Tests.Logintest.launchUSrl(Logintest.java:13)
at Tests.Logintest.launchUSrl(Logintest.java:13)
at Tests.Logintest.launchUSrl(Logintest.java:13)
at Tests.Logintest.launchUSrl(Logintest.java:13)
at Tests.Logintest.launchUSrl(Logintest.java:13)
at Tests.Logintest.launchUSrl(Logintest.java:13)
at Tests.Logintest.launchUSrl(Logintest.java:13)
at Tests.Logintest.launchUSrl(Logintest.java:13)
at Tests.Logintest.launchUSrl(Logintest.java:13)
at Tests.Logintest.launchUSrl(Logintest.java:13)
at Tests.Logintest.launchUSrl(Logintest.java:13)
at Tests.Logintest.launchUSrl(Logintest.java:13)
at Tests.Logintest.launchUSrl(Logintest.java:13)
at Tests.Logintest.launchUSrl(Logintest.java:13)
at Tests.Logintest.launchUSrl(Logintest.java:13)
at Tests.Logintest.launchUSrl(Logintest.java:13)
at Tests.Logintest.launchUSrl(Logintest.java:13)
at Tests.Logintest.launchUSrl(Logintest.java:13)
at Tests.Logintest.launchUSrl(Logintest.java:13)
at Tests.Logintest.launchUSrl(Logintest.java:13)
at Tests.Logintest.launchUSrl(Logintest.java:13)
at Tests.Logintest.launchUSrl(Logintest.java:13)
at Tests.Logintest.launchUSrl(Logintest.java:13)
at Tests.Logintest.launchUSrl(Logintest.java:13)
at Tests.Logintest.launchUSrl(Logintest.java:13)
at Tests.Logintest.launchUSrl(Logintest.java:13)
at Tests.Logintest.launchUSrl(Logintest.java:13)
at Tests.Logintest.launchUSrl(Logintest.java:13)
at Tests.Logintest.launchUSrl(Logintest.java:13)
at Tests.Logintest.launchUSrl(Logintest.java:13)
at Tests.Logintest.launchUSrl(Logintest.java:13)
at Tests.Logintest.launchUSrl(Logintest.java:13)
at Tests.Logintest.launchUSrl(Logintest.java:13)
at Tests.Logintest.launchUSrl(Logintest.java:13)
at Tests.Logintest.launchUSrl(Logintest.java:13)
at Tests.Logintest.launchUSrl(Logintest.java:13)
at Tests.Logintest.launchUSrl(Logintest.java:13)
at Tests.Logintest.launchUSrl(Logintest.java:13)
at Tests.Logintest.launchUSrl(Logintest.java:13)
at Tests.Logintest.launchUSrl(Logintest.java:13)
at Tests.Logintest.launchUSrl(Logintest.java:13)
at Tests.Logintest.launchUSrl(Logintest.java:13)
at Tests.Logintest.launchUSrl(Logintest.java:13)
at Tests.Logintest.launchUSrl(Logintest.java:13)
at Tests.Logintest.launchUSrl(Logintest.java:13)
at Tests.Logintest.launchUSrl(Logintest.java:13)
at Tests.Logintest.launchUSrl(Logintest.java:13)
at Tests.Logintest.launchUSrl(Logintest.java:13)
at Tests.Logintest.launchUSrl(Logintest.java:13)
at Tests.Logintest.launchUSrl(Logintest.java:13)
at Tests.Logintest.launchUSrl(Logintest.java:13)
at Tests.Logintest.launchUSrl(Logintest.java:13)
at Tests.Logintest.launchUSrl(Logintest.java:13)
at Tests.Logintest.launchUSrl(Logintest.java:13)
at Tests.Logintest.launchUSrl(Logintest.java:13)
at Tests.Logintest.launchUSrl(Logintest.java:13)
at Tests.Logintest.launchUSrl(Logintest.java:13)
at Tests.Logintest.launchUSrl(Logintest.java:13)
at Tests.Logintest.launchUSrl(Logintest.java:13)
at Tests.Logintest.launchUSrl(Logintest.java:13)
at Tests.Logintest.launchUSrl(Logintest.java:13)
at Tests.Logintest.launchUSrl(Logintest.java:13)
at Tests.Logintest.launchUSrl(Logintest.java:13)
at Tests.Logintest.launchUSrl(Logintest.java:13)
at Tests.Logintest.launchUSrl(Logintest.java:13)
at Tests.Logintest.launchUSrl(Logintest.java:13)
at Tests.Logintest.launchUSrl(Logintest.java:13)
at Tests.Logintest.launchUSrl(Logintest.java:13)
at Tests.Logintest.launchUSrl(Logintest.java:13)
at Tests.Logintest.launchUSrl(Logintest.java:13)
at Tests.Logintest.launchUSrl(Logintest.java:13)
at Tests.Logintest.launchUSrl(Logintest.java:13)
at Tests.Logintest.launchUSrl(Logintest.java:13)
at Tests.Logintest.launchUSrl(Logintest.java:13)
at Tests.Logintest.launchUSrl(Logintest.java:13)
at Tests.Logintest.launchUSrl(Logintest.java:13)
at Tests.Logintest.launchUSrl(Logintest.java:13)
at Tests.Logintest.launchUSrl(Logintest.java:13)
at Tests.Logintest.launchUSrl(Logintest.java:13)
at Tests.Logintest.launchUSrl(Logintest.java:13)
at Tests.Logintest.launchUSrl(Logintest.java:13)
at Tests.Logintest.launchUSrl(Logintest.java:13)
at Tests.Logintest.launchUSrl(Logintest.java:13)
at Tests.Logintest.launchUSrl(Logintest.java:13)
at Tests.Logintest.launchUSrl(Logintest.java:13)
at Tests.Logintest.launchUSrl(Logintest.java:13)
]]>
    </error>
  </testcase> <!-- launchUSrl -->
</testsuite> <!-- Tests.Logintest -->
