<?xml version="1.0" encoding="UTF-8"?>
<testng-results ignored="0" total="1" passed="1" failed="0" skipped="0">
  <reporter-output>
  </reporter-output>
  <suite started-at="2026-03-09T16:55:04 IST" name="Default suite" finished-at="2026-03-09T16:55:15 IST" duration-ms="10984">
    <groups>
    </groups>
    <test started-at="2026-03-09T16:55:04 IST" name="Default test" finished-at="2026-03-09T16:55:15 IST" duration-ms="10984">
      <class name="Tests.BaseLibrary">
        <test-method signature="launchUrl()[pri:0, instance:Tests.BaseLibrary@740cae06]" started-at="2026-03-09T16:55:04 IST" name="launchUrl" finished-at="2026-03-09T16:55:15 IST" duration-ms="10905" status="PASS">
          <reporter-output>
          </reporter-output>
        </test-method> <!-- launchUrl -->
      </class> <!-- Tests.BaseLibrary -->
    </test> <!-- Default test -->
  </suite> <!-- Default suite -->
</testng-results>
